<?xml version="1.0" encoding="UTF-8"?>
<!-- Generated by org.testng.reporters.JUnitReportReporter -->
<testsuite hostname="DESKTOP-M34S856" failures="0" tests="2" name="advancedSelenium.AdvancedSelenium" time="86.444" errors="0" timestamp="2024-05-27T19:32:44 IST" skipped="0">
  <testcase classname="advancedSelenium.AdvancedSelenium" name="TestScenario1" time="28.091"/>
  <system-out/>
  <testcase classname="advancedSelenium.AdvancedSelenium" name="TestScenario1" time="58.353"/>
  <system-out/>
</testsuite> <!-- advancedSelenium.AdvancedSelenium -->
